This is pdfTeX, Version 3.1415926-2.3-1.40.12 (TeX Live 2011) (format=pdflatex 2011.11.20)  23 FEB 2012 21:08
entering extended mode
 restricted \write18 enabled.
 %&-line parsing enabled.
**fsbok.tex
(./fsbok.tex
LaTeX2e <2009/09/24>
Babel <v3.8l> and hyphenation patterns for english, dumylang, nohyphenation, ge
rman-x-2009-06-19, ngerman-x-2009-06-19, afrikaans, ancientgreek, ibycus, arabi
c, armenian, basque, bulgarian, catalan, pinyin, coptic, croatian, czech, danis
h, dutch, ukenglish, usenglishmax, esperanto, estonian, ethiopic, farsi, finnis
h, french, galician, german, ngerman, swissgerman, monogreek, greek, hungarian,
 icelandic, assamese, bengali, gujarati, hindi, kannada, malayalam, marathi, or
iya, panjabi, tamil, telugu, indonesian, interlingua, irish, italian, kurmanji,
 lao, latin, latvian, lithuanian, mongolian, mongolianlmc, bokmal, nynorsk, pol
ish, portuguese, romanian, russian, sanskrit, serbian, serbianc, slovak, sloven
ian, spanish, swedish, turkish, turkmen, ukrainian, uppersorbian, welsh, loaded
.
(/usr/local/texlive/2011/texmf-dist/tex/latex/base/book.cls
Document Class: book 2007/10/19 v1.4h Standard LaTeX document class
(/usr/local/texlive/2011/texmf-dist/tex/latex/base/bk11.clo
File: bk11.clo 2007/10/19 v1.4h Standard LaTeX file (size option)
)
\c@part=\count79
\c@chapter=\count80
\c@section=\count81
\c@subsection=\count82
\c@subsubsection=\count83
\c@paragraph=\count84
\c@subparagraph=\count85
\c@figure=\count86
\c@table=\count87
\abovecaptionskip=\skip41
\belowcaptionskip=\skip42
\bibindent=\dimen102
)
(/usr/local/texlive/2011/texmf-dist/tex/generic/babel/babel.sty
Package: babel 2008/07/06 v3.8l The Babel package

(/usr/local/texlive/2011/texmf-dist/tex/generic/babel/norsk.ldf
Language: norsk 2005/03/30 v2.0h Norsk support from the babel system

(/usr/local/texlive/2011/texmf-dist/tex/generic/babel/babel.def
File: babel.def 2008/07/06 v3.8l Babel common definitions
\babel@savecnt=\count88
\U@D=\dimen103
)
Package babel Info: Making " an active character on input line 113.
))
(/usr/local/texlive/2011/texmf-dist/tex/latex/graphics/graphics.sty
Package: graphics 2009/02/05 v1.0o Standard LaTeX Graphics (DPC,SPQR)

(/usr/local/texlive/2011/texmf-dist/tex/latex/graphics/trig.sty
Package: trig 1999/03/16 v1.09 sin cos tan (DPC)
)
(/usr/local/texlive/2011/texmf-dist/tex/latex/latexconfig/graphics.cfg
File: graphics.cfg 2010/04/23 v1.9 graphics configuration of TeX Live
)
Package graphics Info: Driver file: pdftex.def on input line 91.

(/usr/local/texlive/2011/texmf-dist/tex/latex/pdftex-def/pdftex.def
File: pdftex.def 2011/05/27 v0.06d Graphics/color for pdfTeX

(/usr/local/texlive/2011/texmf-dist/tex/generic/oberdiek/infwarerr.sty
Package: infwarerr 2010/04/08 v1.3 Providing info/warning/message (HO)
)
(/usr/local/texlive/2011/texmf-dist/tex/generic/oberdiek/ltxcmds.sty
Package: ltxcmds 2011/04/18 v1.20 LaTeX kernel commands for general use (HO)
)
\Gread@gobject=\count89
))
(/usr/local/texlive/2011/texmf-dist/tex/latex/preprint/fullpage.sty
Package: fullpage 1999/02/23 1.1 (PWD)
\FP@margin=\skip43
)
(./subfiles.sty
Package: subfiles 2002/06/08 Federico Garcia

(/usr/local/texlive/2011/texmf-dist/tex/latex/tools/verbatim.sty
Package: verbatim 2003/08/22 v1.5q LaTeX2e package for verbatim enhancements
\every@verbatim=\toks14
\verbatim@line=\toks15
\verbatim@in@stream=\read1
))
(/usr/local/texlive/2011/texmf-dist/tex/latex/tools/longtable.sty
Package: longtable 2004/02/01 v4.11 Multi-page Table package (DPC)
\LTleft=\skip44
\LTright=\skip45
\LTpre=\skip46
\LTpost=\skip47
\LTchunksize=\count90
\LTcapwidth=\dimen104
\LT@head=\box26
\LT@firsthead=\box27
\LT@foot=\box28
\LT@lastfoot=\box29
\LT@cols=\count91
\LT@rows=\count92
\c@LT@tables=\count93
\c@LT@chunks=\count94
\LT@p@ftn=\toks16
)
(/usr/local/texlive/2011/texmf-dist/tex/latex/ucs/ucs.sty
Package: ucs 2004/10/17 UCS: Unicode input support

(/usr/local/texlive/2011/texmf-dist/tex/latex/ucs/data/uni-global.def
File: uni-global.def 2004/10/17 UCS: Unicode global data
)
\uc@secondtry=\count95
\uc@combtoks=\toks17
\uc@combtoksb=\toks18
\uc@temptokena=\toks19
)
(/usr/local/texlive/2011/texmf-dist/tex/latex/base/inputenc.sty
Package: inputenc 2008/03/30 v1.1d Input encoding file
\inpenc@prehook=\toks20
\inpenc@posthook=\toks21

(/usr/local/texlive/2011/texmf-dist/tex/latex/ucs/utf8x.def
File: utf8x.def 2004/10/17 UCS: Input encoding UTF-8
))
(/usr/local/texlive/2011/texmf-dist/tex/latex/hyperref/hyperref.sty
Package: hyperref 2011/04/17 v6.82g Hypertext links for LaTeX

(/usr/local/texlive/2011/texmf-dist/tex/generic/oberdiek/hobsub-hyperref.sty
Package: hobsub-hyperref 2011/04/23 v1.4 Bundle oberdiek, subset hyperref (HO)

(/usr/local/texlive/2011/texmf-dist/tex/generic/oberdiek/hobsub-generic.sty
Package: hobsub-generic 2011/04/23 v1.4 Bundle oberdiek, subset generic (HO)
Package: hobsub 2011/04/23 v1.4 Subsetting bundle oberdiek (HO)
Package hobsub Info: Skipping package `infwarerr' (already loaded).
Package hobsub Info: Skipping package `ltxcmds' (already loaded).
Package: ifluatex 2010/03/01 v1.3 Provides the ifluatex switch (HO)
Package ifluatex Info: LuaTeX not detected.
Package: ifvtex 2010/03/01 v1.5 Switches for detecting VTeX and its modes (HO)
Package ifvtex Info: VTeX not detected.
Package: intcalc 2007/09/27 v1.1 Expandable integer calculations (HO)
Package: ifpdf 2011/01/30 v2.3 Provides the ifpdf switch (HO)
Package ifpdf Info: pdfTeX in PDF mode is detected.
Package: etexcmds 2011/02/16 v1.5 Prefix for e-TeX command names (HO)
Package etexcmds Info: Could not find \expanded.
(etexcmds)             That can mean that you are not using pdfTeX 1.50 or
(etexcmds)             that some package has redefined \expanded.
(etexcmds)             In the latter case, load this package earlier.
Package: kvsetkeys 2011/04/07 v1.13 Key value parser (HO)
Package: kvdefinekeys 2011/04/07 v1.3 Defining keys (HO)
Package: pdftexcmds 2011/04/22 v0.16 Utilities of pdfTeX for LuaTeX (HO)
Package pdftexcmds Info: LuaTeX not detected.
Package pdftexcmds Info: \pdf@primitive is available.
Package pdftexcmds Info: \pdf@ifprimitive is available.
Package pdftexcmds Info: \pdfdraftmode found.
Package: pdfescape 2011/04/04 v1.12 Provides string conversions (HO)
Package: bigintcalc 2011/01/30 v1.2 Expandable big integer calculations (HO)
Package: bitset 2011/01/30 v1.1 Data type bit set (HO)
Package: uniquecounter 2011/01/30 v1.2 Provides unlimited unique counter (HO)
)
Package hobsub Info: Skipping package `hobsub' (already loaded).
Package: letltxmacro 2010/09/02 v1.4 Let assignment for LaTeX macros (HO)
Package: hopatch 2011/01/30 v1.0 Wrapper for package hooks (HO)
Package: xcolor-patch 2011/01/30 xcolor patch
Package: atveryend 2011/04/23 v1.7 Hooks at very end of document (HO)
Package atveryend Info: \enddocument detected (standard).
Package: atbegshi 2011/01/30 v1.15 At begin shipout hook (HO)
Package: refcount 2010/12/01 v3.2 Data extraction from references (HO)
Package: hycolor 2011/01/30 v1.7 Color options of hyperref/bookmark (HO)
)
(/usr/local/texlive/2011/texmf-dist/tex/latex/graphics/keyval.sty
Package: keyval 1999/03/16 v1.13 key=value parser (DPC)
\KV@toks@=\toks22
)
(/usr/local/texlive/2011/texmf-dist/tex/generic/ifxetex/ifxetex.sty
Package: ifxetex 2010/09/12 v0.6 Provides ifxetex conditional
)
(/usr/local/texlive/2011/texmf-dist/tex/latex/oberdiek/kvoptions.sty
Package: kvoptions 2010/12/23 v3.10 Keyval support for LaTeX options (HO)
)
\@linkdim=\dimen105
\Hy@linkcounter=\count96
\Hy@pagecounter=\count97

(/usr/local/texlive/2011/texmf-dist/tex/latex/hyperref/pd1enc.def
File: pd1enc.def 2011/04/17 v6.82g Hyperref: PDFDocEncoding definition (HO)
)
\Hy@SavedSpaceFactor=\count98

(/usr/local/texlive/2011/texmf-dist/tex/latex/latexconfig/hyperref.cfg
File: hyperref.cfg 2002/06/06 v1.2 hyperref configuration of TeXLive
)
Package hyperref Info: Option `plainpages' set `false' on input line 3905.
Package hyperref Info: Option `pdfpagelabels' set `true' on input line 3905.


Package hyperref Warning: Values of option `pdfpagelayout':
(hyperref)                * `SinglePage'
(hyperref)                * `OneColumn'
(hyperref)                * `TwoColumnLeft'
(hyperref)                * `TwoColumnRight'
(hyperref)                * `TwoPageLeft' (PDF 1.5)
(hyperref)                * `TwoPageRight' (PDF 1.5)
(hyperref)                * An empty value disables the option.
(hyperref)                Unknown value `useoutlines' on input line 3905.

Package hyperref Info: Option `bookmarks' set `true' on input line 3905.
Package hyperref Info: Option `bookmarksopen' set `true' on input line 3905.
Package hyperref Info: Option `bookmarksnumbered' set `true' on input line 3905
.
Package hyperref Info: Option `breaklinks' set `true' on input line 3905.
Package hyperref Info: Option `linktocpage' set `true' on input line 3905.
Package hyperref Info: Option `colorlinks' set `false' on input line 3905.
Package hyperref Info: Option `hyperindex' set `true' on input line 3905.
Package hyperref Info: Hyper figures OFF on input line 4026.
Package hyperref Info: Link nesting OFF on input line 4031.
Package hyperref Info: Hyper index ON on input line 4034.
Package hyperref Info: Plain pages OFF on input line 4041.
Package hyperref Info: Backreferencing ON on input line 4044.
Package hyperref Info: Implicit mode ON; LaTeX internals redefined.
Package hyperref Info: Bookmarks ON on input line 4264.
(/usr/local/texlive/2011/texmf-dist/tex/latex/hyperref/backref.sty
Package: backref 2010/08/30 v1.36 Bibliographical back referencing

(/usr/local/texlive/2011/texmf-dist/tex/latex/oberdiek/rerunfilecheck.sty
Package: rerunfilecheck 2011/04/15 v1.7 Rerun checks for auxiliary files (HO)
Package uniquecounter Info: New unique counter `rerunfilecheck' on input line 2
82.
))
\c@Hy@tempcnt=\count99

(/usr/local/texlive/2011/texmf-dist/tex/latex/url/url.sty
\Urlmuskip=\muskip10
Package: url 2006/04/12  ver 3.3  Verb mode for urls, etc.
)
LaTeX Info: Redefining \url on input line 4617.
\Fld@menulength=\count100
\Field@Width=\dimen106
\Fld@charsize=\dimen107
Package hyperref Info: Hyper figures OFF on input line 5701.
Package hyperref Info: Link nesting OFF on input line 5706.
Package hyperref Info: Hyper index ON on input line 5709.
Package hyperref Info: backreferencing ON on input line 5714.
Package hyperref Info: Link coloring OFF on input line 5721.
Package hyperref Info: Link coloring with OCG OFF on input line 5726.
Package hyperref Info: PDF/A mode OFF on input line 5731.
LaTeX Info: Redefining \ref on input line 5771.
LaTeX Info: Redefining \pageref on input line 5775.
\Hy@abspage=\count101
\c@Item=\count102
\c@Hfootnote=\count103
)

Package hyperref Message: Driver: hpdftex.

(/usr/local/texlive/2011/texmf-dist/tex/latex/hyperref/hpdftex.def
File: hpdftex.def 2011/04/17 v6.82g Hyperref driver for pdfTeX
\Fld@listcount=\count104
\c@bookmark@seq@number=\count105
\Hy@SectionHShift=\skip48
)
(/usr/local/texlive/2011/texmf-dist/tex/latex/graphics/graphicx.sty
Package: graphicx 1999/02/16 v1.0f Enhanced LaTeX Graphics (DPC,SPQR)
\Gin@req@height=\dimen108
\Gin@req@width=\dimen109
)
\c@lovkapittel=\count106
\c@lovparagrafcounter=\count107
\c@fondsparagrafcounter=\count108
\c@instruksledd=\count109


LaTeX Warning: Unused global option(s):
    [twosided].

(./fsbok.aux)
\openout1 = `fsbok.aux'.

LaTeX Font Info:    Checking defaults for OML/cmm/m/it on input line 223.
LaTeX Font Info:    ... okay on input line 223.
LaTeX Font Info:    Checking defaults for T1/cmr/m/n on input line 223.
LaTeX Font Info:    ... okay on input line 223.
LaTeX Font Info:    Checking defaults for OT1/cmr/m/n on input line 223.
LaTeX Font Info:    ... okay on input line 223.
LaTeX Font Info:    Checking defaults for OMS/cmsy/m/n on input line 223.
LaTeX Font Info:    ... okay on input line 223.
LaTeX Font Info:    Checking defaults for OMX/cmex/m/n on input line 223.
LaTeX Font Info:    ... okay on input line 223.
LaTeX Font Info:    Checking defaults for U/cmr/m/n on input line 223.
LaTeX Font Info:    ... okay on input line 223.
LaTeX Font Info:    Checking defaults for PD1/pdf/m/n on input line 223.
LaTeX Font Info:    ... okay on input line 223.

(/usr/local/texlive/2011/texmf-dist/tex/context/base/supp-pdf.mkii
[Loading MPS to PDF converter (version 2006.09.02).]
\scratchcounter=\count110
\scratchdimen=\dimen110
\scratchbox=\box30
\nofMPsegments=\count111
\nofMParguments=\count112
\everyMPshowfont=\toks23
\MPscratchCnt=\count113
\MPscratchDim=\dimen111
\MPnumerator=\count114
\makeMPintoPDFobject=\count115
\everyMPtoPDFconversion=\toks24
) (/usr/local/texlive/2011/texmf-dist/tex/latex/oberdiek/epstopdf-base.sty
Package: epstopdf-base 2010/02/09 v2.5 Base part for package epstopdf

(/usr/local/texlive/2011/texmf-dist/tex/latex/oberdiek/grfext.sty
Package: grfext 2010/08/19 v1.1 Managing graphics extensions (HO)
)
Package grfext Info: Graphics extension search list:
(grfext)             [.png,.pdf,.jpg,.mps,.jpeg,.jbig2,.jb2,.PNG,.PDF,.JPG,.JPE
G,.JBIG2,.JB2,.eps]
(grfext)             \AppendGraphicsExtensions on input line 452.

(/usr/local/texlive/2011/texmf-dist/tex/latex/latexconfig/epstopdf-sys.cfg
File: epstopdf-sys.cfg 2010/07/13 v1.3 Configuration of (r)epstopdf for TeX Liv
e
))
(/usr/local/texlive/2011/texmf-dist/tex/latex/ucs/ucsencs.def
File: ucsencs.def 2003/11/29 Fixes to fontencodings LGR, T3
)
\AtBeginShipoutBox=\box31
Package hyperref Info: Link coloring OFF on input line 223.

(/usr/local/texlive/2011/texmf-dist/tex/latex/hyperref/nameref.sty
Package: nameref 2010/04/30 v2.40 Cross-referencing by name of section

(/usr/local/texlive/2011/texmf-dist/tex/generic/oberdiek/gettitlestring.sty
Package: gettitlestring 2010/12/03 v1.4 Cleanup title references (HO)
)
\c@section@level=\count116
)
LaTeX Info: Redefining \ref on input line 223.
LaTeX Info: Redefining \pageref on input line 223.
LaTeX Info: Redefining \nameref on input line 223.

(./fsbok.out) (./fsbok.out)
\@outlinefile=\write3
\openout3 = `fsbok.out'.


<FSBok2010-forside.png, id=295, 615.06383pt x 796.12325pt>
File: FSBok2010-forside.png Graphic file (type png)

<use FSBok2010-forside.png>
Package pdftex.def Info: FSBok2010-forside.png used on input line 228.
(pdftex.def)             Requested size: 452.9679pt x 586.32797pt.
 [1 <./FSBok2010-forside.png>] [2


] (./forord.tex
(/usr/local/texlive/2011/texmf-dist/tex/latex/ucs/data/uni-0.def
File: uni-0.def 2004/10/17 UCS: Unicode data U+0000..U+00FF
)) [3{/usr/local/texlive/2011/texmf-var/fonts/map/pdftex/updmap/pdftex.map}] [4

] (./fsbok.toc
LaTeX Font Info:    External font `cmex10' loaded for size
(Font)              <10.95> on input line 4.
LaTeX Font Info:    External font `cmex10' loaded for size
(Font)              <8> on input line 4.
LaTeX Font Info:    External font `cmex10' loaded for size
(Font)              <6> on input line 4.

[5]
Overfull \hbox (4.43858pt too wide) in paragraph at lines 60--60
 [][] \OT1/cmr/m/n/10.95 Prin-sipp-av-ta-le Mel-lom Sty-ret for stif-tel-sen de
n In-ter-na-sjo-na-le Stu-dent-fes-ti-va-len i Trond- 
 []

[6])
\tf@toc=\write4
\openout4 = `fsbok.toc'.

 [7] [8

] <anniversary2010-logo.png, id=412, 552.0625pt x 420.57124pt>
File: anniversary2010-logo.png Graphic file (type png)

<use anniversary2010-logo.png>
Package pdftex.def Info: anniversary2010-logo.png used on input line 243.
(pdftex.def)             Requested size: 362.37569pt x 276.0762pt.
 [9 <./anniversary2010-logo.png>] [10

]
(./historikk.tex
LaTeX Font Info:    Try loading font information for OMS+cmr on input line 7.
 (/usr/local/texlive/2011/texmf-dist/tex/latex/base/omscmr.fd
File: omscmr.fd 1999/05/25 v2.5h Standard LaTeX font definitions
)
LaTeX Font Info:    Font shape `OMS/cmr/m/n' in size <10.95> not available
(Font)              Font shape `OMS/cmsy/m/n' tried instead on input line 7.

[11

] [12]
Overfull \hbox (18.06528pt too wide) in paragraph at lines 80--82
[]\OT1/cmr/m/n/10.95 25- ^^Warsjubileum. Sam-fun-dets f^^\rste his-to-rie-bok k
om-mer ut. (``Studenter-samfundet i Trondhjem
 []

[13] [14] [15] [16]) [17] [18

]
<Organisasjonskart.jpg, id=458, 671.6292pt x 463.4916pt>
File: Organisasjonskart.jpg Graphic file (type jpg)

<use Organisasjonskart.jpg>
Package pdftex.def Info: Organisasjonskart.jpg used on input line 249.
(pdftex.def)             Requested size: 452.9679pt x 312.58871pt.
 [19 <./Organisasjonskart.jpg>] [20

]
File: anniversary2010-logo.png Graphic file (type png)

<use anniversary2010-logo.png>
Package pdftex.def Info: anniversary2010-logo.png used on input line 252.
(pdftex.def)             Requested size: 362.37569pt x 276.0762pt.
 [21] [22

] (./lover.tex

Package hyperref Warning: Difference (2) between bookmark levels is greater 
(hyperref)                than one, level fixed on input line 11.

LaTeX Font Info:    Font shape `OMS/cmr/bx/n' in size <10.95> not available
(Font)              Font shape `OMS/cmsy/b/n' tried instead on input line 13.

Overfull \hbox (8.97067pt too wide) in paragraph at lines 19--23
[]\OT1/cmr/m/n/10.95 Studentersamfundet skal f^^\rst og fremst v^^Z-re til for 
sine med-lem-mer. Der-nest skal Studenter-
 []

[23

] [24]
Overfull \hbox (8.2073pt too wide) in paragraph at lines 84--90
[]\OT1/cmr/m/n/10.95 Studentersamfundet sam-let til Sam-fundsm^^\te er den h^^\
yeste myn-dig-het i Studenter-samfundet.
 []

[25] [26]
Overfull \hbox (3.13072pt too wide) in paragraph at lines 239--242
\OT1/cmr/m/n/10.95 skal Fi-nans-sty-ret gi en inn-stil-ling som skal kunn-gj^^\
res etter van-li-ge reg-ler for m^^\teinnkalling
 []

[27] [28] [29] [30]
Overfull \hbox (5.35109pt too wide) in paragraph at lines 434--437
[]\OT1/cmr/m/n/10.95 Interne me-nings-yt-rin-ger er me-nings-yt-rin-ger som gje
l-der ind-re for-hold i Studenter-samfundet,
 []

[31]
Overfull \hbox (4.22272pt too wide) in paragraph at lines 471--474
[]\OT1/cmr/m/n/10.95 Medlemmer med gyl-dig med-lems-kort er stemme-be-ret-ti-ge
-de og valg-ba-re i Studenter-samfundet.
 []

[32] (/usr/local/texlive/2011/texmf-dist/tex/latex/ucs/data/uni-32.def
File: uni-32.def 2004/10/17 UCS: Unicode data U+2000..U+20FF
)
[33]
Overfull \hbox (4.4052pt too wide) in paragraph at lines 608--609
[]\OT1/cmr/m/n/10.95 N^^War ^^\ns-ke om ned-set-tel-se av sam-funds-rett er inn
-kom-met til Sty-ret, vel-ger Studenter-samfundet
 []

[34] [35]) [36

]
File: anniversary2010-logo.png Graphic file (type png)
 <use anniversary2010-logo.png>
Package pdftex.def Info: anniversary2010-logo.png used on input line 261.
(pdftex.def)             Requested size: 362.37569pt x 276.0762pt.
 [37] [38

] (./vedtak.tex [39

]
[40]) [41] [42

]
File: anniversary2010-logo.png Graphic file (type png)
 <use anniversary2010-logo.png>
Package pdftex.def Info: anniversary2010-logo.png used on input line 265.
(pdftex.def)             Requested size: 362.37569pt x 276.0762pt.
 [43] [44

] (./fonds.tex

Package hyperref Warning: The anchor of a bookmark and its parent's must not
(hyperref)                be the same. Added a new anchor on input line 6.

[45

] [46]
LaTeX Font Info:    Font shape `OMS/cmr/m/it' in size <10.95> not available
(Font)              Font shape `OMS/cmsy/m/n' tried instead on input line 74.
 [47] [48] [49] [50])
File: anniversary2010-logo.png Graphic file (type png)
 <use anniversary2010-logo.png>
Package pdftex.def Info: anniversary2010-logo.png used on input line 269.
(pdftex.def)             Requested size: 362.37569pt x 276.0762pt.
 [51

] [52

]
(./instrukser.tex

Package hyperref Warning: The anchor of a bookmark and its parent's must not
(hyperref)                be the same. Added a new anchor on input line 5.

[53

] [54] [55] [56] [57] [58] [59] [60] [61]
Overfull \hbox (26.6428pt too wide) in paragraph at lines 450--452
[]\OT1/cmr/m/n/10.95 Tap av n^^\kler skal umid-del-bart rap-por-te-res til Sik-
rings-sjef og medf^^\rer nor-malt n^^\kkelkarantene. 
 []

[62] [63] [64]
Overfull \hbox (44.71037pt too wide) in paragraph at lines 572--576
[]\OT1/cmr/m/n/10.95 Alle Hu-sets gjen-ger kan i prin-sip-pet bli inn-kalt som 
lenke-vak-ter. Men Klubb-sty-ret, L^^\rdagskomit^^Seen,
 []


Overfull \hbox (5.19902pt too wide) in paragraph at lines 572--576
\OT1/cmr/m/n/10.95 Kul-tur-ut-val-get, Vi-deo-ko-mit^^Seen, Regi, For-ster-ker-
ko-mit^^Seen, Sty-ret og Mar-kedsf^^\ringsgjengen
 []

[65]) (./instrukser/generell.tex [66] [67]) (./romreservasjon.tex [68]
Overfull \hbox (38.92818pt too wide) in paragraph at lines 111--113
[]\OT1/cmr/m/n/10.95 Arealbehov p^^Wa fre-da-ger og l^^\rdager av-ta-les di-rek
-te med hen-holds-vis Klubb-sty-ret og L^^\rdagskomiteen. 
 []

[69]
LaTeX Font Info:    External font `cmex10' loaded for size
(Font)              <9> on input line 211.
LaTeX Font Info:    External font `cmex10' loaded for size
(Font)              <5> on input line 211.
 [70] [71]
Overfull \hbox (14.9019pt too wide) in paragraph at lines 306--307
[]\OT1/cmr/m/n/10.95 Trafoen: And-re eta-sje, data-rom, stort og lite m^^\terom
 i alle se-mes-ter unn-tatt v^^Warsemester
 []

[72]) (./k35.tex [73] [74] [75] [76] [77]) (./arealdisponering.tex [78])
(./instrukser/presse.tex [79]) [80

] (./instrukser/dg.tex

Package hyperref Warning: The anchor of a bookmark and its parent's must not
(hyperref)                be the same. Added a new anchor on input line 5.

[81]) (./instrukser/fg.tex [82]) (./instrukser/fk.tex [83] [84])
(./instrukser/itk.tex [85]) (./instrukser/klst.tex
Overfull \hbox (7.84407pt too wide) in paragraph at lines 7--13
[]\OT1/cmr/m/n/10.95 Klubbstyret (KLST) har an-sva-ret for ^^Wa plan-leg-ge og 
ar-ran-ge-re fre-dags-kvel-de-ne p^^Wa Studenter-
 []

[86]) (./instrukser/ksg.tex [87]) (./instrukser/ku.tex [88])
(./instrukser/lk.tex
Overfull \hbox (11.16072pt too wide) in paragraph at lines 7--12
\OT1/cmr/m/n/10.95 kultur- og ute-livs-til-bud p^^Wa Studenter-samfundet i Tron
dhjem, med unn-tak av Sam-fundsm^^\tet,
 []

[89]) (./instrukser/lim.tex
Overfull \hbox (5.04695pt too wide) in paragraph at lines 23--30
[]\OT1/cmr/m/n/10.95 Bortsett fra gjeng-sjef, nest-le-der, ^^\ko-nomi-an-svar-l
ig og stra-te-gi-an-svar-lig tilh^^\rer funk-sjon^^Zre-
 []

[90] [91]) (./instrukser/regi.tex [92] [93]) (./instrukser/rr.tex [94] [95])
(./instrukser/sit.tex
Overfull \hbox (38.13905pt too wide) in paragraph at lines 7--12
[]\OT1/cmr/m/n/10.95 Studentersamfundets In-ter-ne Tea-ter (SIT) er en po-li-ti
sk og re-li-gi^^\st uav-hen-gig amat^^\rteatergruppe
 []

[96] [97]) (./instrukser/orkesteret.tex [98] [99] [100] [101] [102])
(./instrukser/stv.tex [103] [104]) (./instrukser/strindens.tex
Overfull \hbox (1.88356pt too wide) in paragraph at lines 24--25
[]\OT1/cmr/m/n/10.95 Strindens Pro-me-na-de Or-ches-ter dis-po-ne-rer og har an
-sva-ret for f^^\lgende rom med tilh^^\rende
 []

[105]) (./instrukser/ud.tex [106] [107]) (./instrukser/vk.tex [108])
(./instrukser/arkivet.tex

Package hyperref Warning: The anchor of a bookmark and its parent's must not
(hyperref)                be the same. Added a new anchor on input line 5.

[109

] [110]) (./instrukser/gs.tex [111] [112]) (./instrukser/gsk.tex
Overfull \hbox (10.9173pt too wide) in paragraph at lines 16--19
[]\OT1/cmr/m/n/10.95 Medlemmer: Med-lem-me-ne er gjeng-sje-fer i alle gjen-ger 
og til-slut-te-de for-enin-ger ved Studenter-
 []


Overfull \hbox (9.34846pt too wide) in paragraph at lines 19--23
[]\OT1/cmr/m/n/10.95 Observat^^\rer: Sty-ret og FS ved gjen-gre-pre-sen-tant. G
jen-ge-nes re-pre-sen-tant i FS har m^^\teplikt
 []

[113] [114]) (./instrukser/profil.tex
Overfull \hbox (0.8482pt too wide) in paragraph at lines 15--17
[]\OT1/cmr/m/n/10.95 Profilgruppa skal set-te opp bud-sjett for alle sine pro-s
jek-ter. I sam-ar-beid med regn-skapsf^^\rer
 []

[115] [116]) (./instrukser/sbk.tex
Overfull \hbox (7.55635pt too wide) in paragraph at lines 34--37
[]\OT1/cmr/m/n/10.95 Sikringssjef, dag-lig le-der, le-der for pro-fil-grup-pen,
 VG-sjef, vakt-mes-ter Sam-fun-det,vaktmester
 []

[117] [118]) (./instrukser/sikring.tex [119] [120] [121]) (./instrukser/vg.tex
[122] [123]) [124

]
File: anniversary2010-logo.png Graphic file (type png)
 <use anniversary2010-logo.png>
Package pdftex.def Info: anniversary2010-logo.png used on input line 341.
(pdftex.def)             Requested size: 362.37569pt x 276.0762pt.
 [125] [126

]
(./instrukser/prinsippavtaleisfit.tex

Package hyperref Warning: Difference (2) between bookmark levels is greater 
(hyperref)                than one, level fixed on input line 4.


Package hyperref Warning: The anchor of a bookmark and its parent's must not
(hyperref)                be the same. Added a new anchor on input line 4.


Overfull \hbox (4.07231pt too wide) in paragraph at lines 9--15
\OT1/cmr/m/n/10.95 Stiftelsen IS-FiT ble stif-tet av Studenter-samfundet i Tron
dhjem, Trond-heim Kom-mu-ne, H^^\gskolen
 []

[127]
Overfull \hbox (0.72533pt too wide) in paragraph at lines 65--72
\OT1/cmr/m/n/10.95 Ved for-de-ling av of-fent-li-ge are-al i regi av Rom-Book-i
ngs-Ko-mi-te-en (RBK) har IS-FiT f^^\rsteprioritet
 []


Overfull \hbox (2.94818pt too wide) in paragraph at lines 93--99
\OT1/cmr/m/n/10.95 me-re av-ta-le mel-lom fes-ti-va-len og Klubb-sty-ret (fre-d
a-ger) og L^^\rdagskomiteen og Sty-ret (l^^\rdager).
 []

[128] [129]) (./driftsavtalemediastud.tex [130] [131])
(./instrukser/husorden09.tex
Overfull \hbox (10.27737pt too wide) in paragraph at lines 45--54
\OT1/cmr/m/n/10.95 Under UKA f^^War UKE-sty-ret, de-res nest-le-de-re og vert-s
kaps-sty-ret ut-le-vert Sam-fun-dets kon-troll^^\rkort.
 []

[132] [133]) (./instrukser/husorden11.tex
Overfull \hbox (7.48021pt too wide) in paragraph at lines 8--10
\OT1/cmr/m/n/10.95 Husorden for UKA-11 (Hus-or-den) gjel-der iste-den for gjel-
den-de "Hus-or-den for Studenter-samfundet
 []


Underfull \hbox (badness 10000) in paragraph at lines 8--10

 []


Underfull \hbox (badness 10000) in paragraph at lines 11--14

 []


Overfull \hbox (20.40436pt too wide) in paragraph at lines 15--18
[]\OT1/cmr/m/n/10.95 Husorden gjel-der for alle gjeng-med-lem-mer og funk-sjon^
^Z-rer ved Studenter-samfundet i Trondhjem,
 []


Underfull \hbox (badness 10000) in paragraph at lines 15--18

 []


Underfull \hbox (badness 10000) in paragraph at lines 19--22

 []


Underfull \hbox (badness 10000) in paragraph at lines 28--31

 []


Underfull \hbox (badness 10000) in paragraph at lines 32--36

 []


Underfull \hbox (badness 10000) in paragraph at lines 37--39

 []


Underfull \hbox (badness 10000) in paragraph at lines 40--42

 []


Underfull \hbox (badness 10000) in paragraph at lines 43--45

 []


Underfull \hbox (badness 10000) in paragraph at lines 46--48

 []


Underfull \hbox (badness 10000) in paragraph at lines 56--58

 []

[134]
Underfull \hbox (badness 10000) in paragraph at lines 66--68

 []


Underfull \hbox (badness 10000) in paragraph at lines 69--74

 []


Underfull \hbox (badness 10000) in paragraph at lines 75--79

 []


Underfull \hbox (badness 10000) in paragraph at lines 80--84

 []


Underfull \hbox (badness 10000) in paragraph at lines 85--88

 []


Underfull \hbox (badness 10000) in paragraph at lines 95--98

 []


Underfull \hbox (badness 10000) in paragraph at lines 110--113

 []


Overfull \hbox (0.75807pt too wide) in paragraph at lines 114--118
\OT1/cmr/m/n/10.95 som-he-ten. P^^Walegg fra skjen-ke-be-sty-rer, sted-for-tre-
der og dag-ha-ven-de ser-ve-ring kan ikke overpr^^\ves.
 []

[135]
Underfull \hbox (badness 10000) in paragraph at lines 120--124

 []


Underfull \hbox (badness 10000) in paragraph at lines 125--129

 []


Underfull \hbox (badness 10000) in paragraph at lines 130--133

 []

[136]) (./instrukser/dodensdal.tex
Underfull \hbox (badness 10000) in paragraph at lines 5--6

 []


Underfull \hbox (badness 10000) in paragraph at lines 13--14

 []


Underfull \hbox (badness 10000) in paragraph at lines 15--16

 []


Underfull \hbox (badness 10000) in paragraph at lines 17--18

 []


Overfull \hbox (7.21758pt too wide) in paragraph at lines 19--20
[]\OT1/cmr/m/n/10.95 SiT inng^^War bruks-av-ta-ler med ak-tu-el-le par-ter inng
^^Was i tr^^Wad med drifts-fi-nan-sie-ring av Gl^^\shaugen
 []


Underfull \hbox (badness 10000) in paragraph at lines 19--20

 []


Underfull \hbox (badness 10000) in paragraph at lines 21--22

 []


Underfull \hbox (badness 10000) in paragraph at lines 31--32

 []


Underfull \hbox (badness 10000) in paragraph at lines 37--38

 []

[137]
Underfull \hbox (badness 10000) in paragraph at lines 39--40

 []


Underfull \hbox (badness 10000) in paragraph at lines 41--42

 []


Underfull \hbox (badness 10000) in paragraph at lines 43--44

 []


Underfull \hbox (badness 10000) in paragraph at lines 49--50

 []


Underfull \hbox (badness 10000) in paragraph at lines 51--52

 []


Underfull \hbox (badness 10000) in paragraph at lines 53--56

 []


Underfull \hbox (badness 10000) in paragraph at lines 61--62

 []


Underfull \hbox (badness 10000) in paragraph at lines 63--64

 []

[138]
Underfull \hbox (badness 10000) in paragraph at lines 74--75

 []


Underfull \hbox (badness 10000) in paragraph at lines 76--77

 []


Underfull \hbox (badness 10000) in paragraph at lines 78--79

 []


Underfull \hbox (badness 10000) in paragraph at lines 84--85

 []


Underfull \hbox (badness 10000) in paragraph at lines 86--87

 []


Underfull \hbox (badness 10000) in paragraph at lines 88--89

 []

[139]) [140

]
File: anniversary2010-logo.png Graphic file (type png)
 <use anniversary2010-logo.png>
Package pdftex.def Info: anniversary2010-logo.png used on input line 357.
(pdftex.def)             Requested size: 362.37569pt x 276.0762pt.
 [141] [142

]
(./forretningsdriften.tex

Package hyperref Warning: Difference (2) between bookmark levels is greater 
(hyperref)                than one, level fixed on input line 3.


Package hyperref Warning: The anchor of a bookmark and its parent's must not
(hyperref)                be the same. Added a new anchor on input line 3.

[143] [144] [145] [146]
<DagligLeder-sign.png, id=1762, 441.14813pt x 181.42781pt>
File: DagligLeder-sign.png Graphic file (type png)

<use DagligLeder-sign.png>
Package pdftex.def Info: DagligLeder-sign.png used on input line 210.
(pdftex.def)             Requested size: 226.48395pt x 93.1443pt.
 [147 <./DagligLeder-sign.png>]
Overfull \hbox (4.59064pt too wide) in paragraph at lines 239--241
[]\OT1/cmr/m/n/10.95 Vaktmester har inn-stil-lings-rett i ved-li-ke-holds-sa-ke
r og sa-ker vedr^^\rende brann og el.sikkerhet
 []

[148] [149] [150] [151] [152] [153]) [154

]
File: anniversary2010-logo.png Graphic file (type png)
 <use anniversary2010-logo.png>
Package pdftex.def Info: anniversary2010-logo.png used on input line 363.
(pdftex.def)             Requested size: 362.37569pt x 276.0762pt.

[155] [156

] (./fs.tex [157

] [158]) [159] [160

]
File: anniversary2010-logo.png Graphic file (type png)
 <use anniversary2010-logo.png>
Package pdftex.def Info: anniversary2010-logo.png used on input line 369.
(pdftex.def)             Requested size: 362.37569pt x 276.0762pt.

[161] [162

] (./strategisk.tex
Overfull \hbox (11.03896pt too wide) in paragraph at lines 35--40
\OT1/cmr/m/n/10.95 sjek-tet 2002/2003. Fi-nans-sty-ret god-kjen-ner Chris-ti-an
 Waa-le Han-sen som ny le-der for Medlemskort-
 []


Overfull \hbox (12.83362pt too wide) in paragraph at lines 35--40
\OT1/cmr/m/n/10.95 prosjektet og ^^\ns-ker lyk-ke til i oppf^^\lgingen og vi-de
ref^^\ringen av Med-lems-kort-pro-sjek-tet 2002/2003. 
 []

[163

] [164

] [165] [166] [167] [168]
<AvtaleOmNybygg.jpg, id=1921, 469.10391pt x 657.26636pt>
File: AvtaleOmNybygg.jpg Graphic file (type jpg)

<use AvtaleOmNybygg.jpg>
Package pdftex.def Info: AvtaleOmNybygg.jpg used on input line 321.
(pdftex.def)             Requested size: 452.9679pt x 634.66925pt.


LaTeX Warning: Text page 169 contains only floats.


Overfull \vbox (0.62534pt too high) has occurred while \output is active []


[169

 <./AvtaleOmNybygg.jpg>]) [170

]
File: anniversary2010-logo.png Graphic file (type png)
 <use anniversary2010-logo.png>
Package pdftex.def Info: anniversary2010-logo.png used on input line 373.
(pdftex.def)             Requested size: 362.37569pt x 276.0762pt.
 [171]
[172

] (./livsvarige.tex [173

] [174] [175] [176] [177] [178] [179])
Package atveryend Info: Empty hook `BeforeClearDocument' on input line 377.
 [180]
Package atveryend Info: Empty hook `AfterLastShipout' on input line 377.

(./fsbok.aux)
Package atveryend Info: Executing hook `AtVeryEndDocument' on input line 377.
Package atveryend Info: Executing hook `AtEndAfterFileList' on input line 377.
Package rerunfilecheck Info: File `fsbok.out' has not changed.
(rerunfilecheck)             Checksum: 2A0AFBF3180DC5F4D77E3DAA1846A0D3;5687.
Package atveryend Info: Empty hook `AtVeryVeryEnd' on input line 377.
 ) 
Here is how much of TeX's memory you used:
 7842 strings out of 493633
 106458 string characters out of 3143376
 200098 words of memory out of 3000000
 9875 multiletter control sequences out of 15000+200000
 10375 words of font info for 36 fonts, out of 3000000 for 9000
 833 hyphenation exceptions out of 8191
 32i,8n,33p,540b,643s stack positions out of 5000i,500n,10000p,200000b,50000s
</usr/local/texlive/2011/texmf-dist/fonts/type1/public/amsfonts/cm/cmbsy10.pf
b></usr/local/texlive/2011/texmf-dist/fonts/type1/public/amsfonts/cm/cmbx10.pfb
></usr/local/texlive/2011/texmf-dist/fonts/type1/public/amsfonts/cm/cmbx12.pfb>
</usr/local/texlive/2011/texmf-dist/fonts/type1/public/amsfonts/cm/cmbxti10.pfb
></usr/local/texlive/2011/texmf-dist/fonts/type1/public/amsfonts/cm/cmr10.pfb><
/usr/local/texlive/2011/texmf-dist/fonts/type1/public/amsfonts/cm/cmr6.pfb></us
r/local/texlive/2011/texmf-dist/fonts/type1/public/amsfonts/cm/cmr8.pfb></usr/l
ocal/texlive/2011/texmf-dist/fonts/type1/public/amsfonts/cm/cmr9.pfb></usr/loca
l/texlive/2011/texmf-dist/fonts/type1/public/amsfonts/cm/cmsy10.pfb></usr/local
/texlive/2011/texmf-dist/fonts/type1/public/amsfonts/cm/cmsy6.pfb></usr/local/t
exlive/2011/texmf-dist/fonts/type1/public/amsfonts/cm/cmti10.pfb>
Output written on fsbok.pdf (180 pages, 1478824 bytes).
PDF statistics:
 2233 PDF objects out of 2487 (max. 8388607)
 2012 compressed objects within 21 object streams
 1058 named destinations out of 1200 (max. 500000)
 634 words of extra memory for PDF output out of 10000 (max. 10000000)

