\BOOKMARK [-1][]{chapter*.1}{Historikk}{}% 1
\BOOKMARK [-1][]{chapter*.3}{Studentersamfundet i Trondhjems Lover og Statutter}{}% 2
\BOOKMARK [0][]{chapter*.4}{}{chapter*.3}% 3
\BOOKMARK [1][]{Item.11}{Styrende Organer}{chapter*.4}% 4
\BOOKMARK [1][]{Item.24}{Studentersamfundets m\370ter}{chapter*.4}% 5
\BOOKMARK [1][]{Item.29}{Valg og avstemninger}{chapter*.4}% 6
\BOOKMARK [1][]{Item.29}{Indre liv}{chapter*.4}% 7
\BOOKMARK [1][]{Item.29}{Samfundsretten}{chapter*.4}% 8
\BOOKMARK [1][]{Item.29}{Alminnelige bestemmelser}{chapter*.4}% 9
\BOOKMARK [-1][]{Item.34}{Vedvarende vedtak ved Studentersamfundet i Trondhjem}{}% 10
\BOOKMARK [-1][]{chapter*.5}{Statutter}{}% 11
\BOOKMARK [0][]{chapter*.6}{Fond}{chapter*.5}% 12
\BOOKMARK [1][]{section*.7}{Klubbstyrets Fond}{chapter*.6}% 13
\BOOKMARK [1][]{Item.36}{Statutter for Kampfond}{chapter*.6}% 14
\BOOKMARK [1][]{Item.36}{Student Georg Sverdrups fond til utdeling av gratis medlemskort}{chapter*.6}% 15
\BOOKMARK [1][]{Item.36}{Statutter for Sceneteknisk Fond}{chapter*.6}% 16
\BOOKMARK [1][]{Item.36}{Statutter for Arrang\370rfond}{chapter*.6}% 17
\BOOKMARK [-1][]{Item.36}{Instrukser}{}% 18
\BOOKMARK [0][]{chapter*.8}{Generelle Instrukser}{Item.36}% 19
\BOOKMARK [1][]{section*.9}{Brannvern ved Studentersamfundet i Trondhjem}{chapter*.8}% 20
\BOOKMARK [1][]{Item.39}{Instruks for Funksjon\346rer}{chapter*.8}% 21
\BOOKMARK [1][]{Item.43}{Husorden}{chapter*.8}% 22
\BOOKMARK [1][]{Item.58}{Hybelinstruks}{chapter*.8}% 23
\BOOKMARK [1][]{Item.68}{Instruks for n\370kler og n\370kkelkort}{chapter*.8}% 24
\BOOKMARK [1][]{Item.92}{Instruks for kontroll\370rer}{chapter*.8}% 25
\BOOKMARK [1][]{Item.108}{Instruks for lenkevakter}{chapter*.8}% 26
\BOOKMARK [1][]{Item.116}{Generell gjenginstruks}{chapter*.8}% 27
\BOOKMARK [1][]{Item.143}{Retningslinjer for reservering av offentlige arealer ved Studentersamfundet i Trondhjem}{chapter*.8}% 28
\BOOKMARK [1][]{Item.254}{Instruks for Klostergata 35}{chapter*.8}% 29
\BOOKMARK [1][]{Item.275}{Instruks for arealdisponering p\345 Samfundet}{chapter*.8}% 30
\BOOKMARK [1][]{Item.275}{Presseinstruks}{chapter*.8}% 31
\BOOKMARK [0][]{chapter*.10}{Gjenginstrukser}{Item.36}% 32
\BOOKMARK [1][]{section*.11}{Instruks for Diversegjengen}{chapter*.10}% 33
\BOOKMARK [1][]{Item.289}{Instruks for Fotogjengen}{chapter*.10}% 34
\BOOKMARK [1][]{Item.300}{Instruks for Forsterkerkomit\351en}{chapter*.10}% 35
\BOOKMARK [1][]{Item.332}{Instruks for Informasjonsteknologikomit\351en}{chapter*.10}% 36
\BOOKMARK [1][]{Item.347}{Instruks for Klubbstyret}{chapter*.10}% 37
\BOOKMARK [1][]{Item.359}{Instruks for Kaf\351- og Serveringsgjengen}{chapter*.10}% 38
\BOOKMARK [1][]{Item.379}{Instruks for Kulturutvalget}{chapter*.10}% 39
\BOOKMARK [1][]{Item.389}{Instruks for L\370rdagskomit\351en}{chapter*.10}% 40
\BOOKMARK [1][]{Item.400}{Instruks for Markedsf\370ringsgjengen}{chapter*.10}% 41
\BOOKMARK [1][]{Item.421}{Instruks for Regi}{chapter*.10}% 42
\BOOKMARK [1][]{Item.451}{Instruks for Radio Revolt}{chapter*.10}% 43
\BOOKMARK [1][]{Item.471}{Instruks for Studentersamfundets Interne Teater}{chapter*.10}% 44
\BOOKMARK [1][]{Item.493}{Instruks for Studentersamfundets Orkester}{chapter*.10}% 45
\BOOKMARK [1][]{Item.531}{Instruks for Student-TV}{chapter*.10}% 46
\BOOKMARK [1][]{Item.547}{Instruks for Strindens Promenade Orchester}{chapter*.10}% 47
\BOOKMARK [1][]{Item.555}{Instruks for Under Dusken}{chapter*.10}% 48
\BOOKMARK [1][]{Item.570}{Instruks for Videokomiteen}{chapter*.10}% 49
\BOOKMARK [0][]{chapter*.12}{Instrukser for Finansstyrets undergrupper og organer}{Item.36}% 50
\BOOKMARK [1][]{section*.13}{Instruks for Arkivet}{chapter*.12}% 51
\BOOKMARK [1][]{Item.602}{Instruks for Gjengsekretariatet}{chapter*.12}% 52
\BOOKMARK [1][]{Item.619}{Instruks for Gjengsjefkollegiet}{chapter*.12}% 53
\BOOKMARK [1][]{Item.654}{Instruks for Profilgruppa}{chapter*.12}% 54
\BOOKMARK [1][]{Item.674}{Instruks for Studentersamfundets byggekomit\351}{chapter*.12}% 55
\BOOKMARK [1][]{Item.700}{Instruks for Sikringskomiteen}{chapter*.12}% 56
\BOOKMARK [1][]{Item.740}{Instruks for Vedlikeholdsgruppa}{chapter*.12}% 57
\BOOKMARK [-1][]{Item.771}{Avtaler}{}% 58
\BOOKMARK [0][]{section*.14}{Prinsippavtale Mellom Styret for stiftelsen den Internasjonale Studentfestivalen i Trondheim og Studentersamfundet i Trondhjem \(Samfundet\) ved Finansstyret}{Item.771}% 59
\BOOKMARK [1][]{section*.14}{Aksjon\346ravtale mellom Studentersamfundet i Trondhjem \(``Samfundet''\) og Studentsamskipnaden i Trondheim \(``SiT''\) sammen benevnt som Partene for eierskap til selskapet Mediastud AS \(``Mediastud''\)}{Item.771}% 60
\BOOKMARK [1][]{Item.775}{Husorden for UKA-09}{Item.771}% 61
\BOOKMARK [1][]{Item.775}{Husorden for UKA-11}{Item.771}% 62
\BOOKMARK [1][]{Item.775}{Avtale om bruk av Gl\370shaugen Idrettspark}{Item.771}% 63
\BOOKMARK [-1][]{Item.775}{Forretningsdriften}{}% 64
\BOOKMARK [0][]{section*.15}{Generelt arbeidsreglement for ansatte}{Item.775}% 65
\BOOKMARK [1][]{Item.779}{Stillingsinstruks for Daglig Leder}{Item.775}% 66
\BOOKMARK [1][]{Item.789}{Stillingsinstruks for vaktmester}{Item.775}% 67
\BOOKMARK [1][]{Item.809}{Instruks for d\370rvakter}{Item.775}% 68
\BOOKMARK [1][]{Item.839}{Instruks for garderobevakter}{Item.775}% 69
\BOOKMARK [-1][]{Item.854}{Finansstyret}{}% 70
\BOOKMARK [0][]{chapter*.16}{Vedvarende vedtak i Finansstyret}{Item.854}% 71
\BOOKMARK [-1][]{chapter*.16}{Strategisk Arbeid}{}% 72
\BOOKMARK [0][]{chapter*.17}{Medlemskortprosjektet}{chapter*.16}% 73
\BOOKMARK [0][]{chapter*.18}{Nybygg p\345 Fengselstomta}{chapter*.16}% 74
\BOOKMARK [-1][]{chapter*.18}{Livsvarige- og \306resmedlemmer}{}% 75
\BOOKMARK [0][]{chapter*.19}{Innbudte Medlemmer}{chapter*.18}% 76
